<?xml version="1.0" encoding="utf-8"?><testsuites name="pytest tests"><testsuite name="pytest" errors="0" failures="3" skipped="0" tests="17" time="4.458" timestamp="2026-06-07T16:21:51.891358+00:00" hostname="agent-env-876440cf-447e-40c4-b768-d33d464e04fd"><testcase classname="backend.tests.test_stripe_topup.TestRegisterNoBonus" name="test_new_user_wallet_is_zero" time="0.922" /><testcase classname="backend.tests.test_stripe_topup.TestTopupPackages" name="test_packages_math" time="0.430" /><testcase classname="backend.tests.test_stripe_topup.TestTopupCheckout" name="test_checkout_valid_creates_session_and_tx" time="0.862" /><testcase classname="backend.tests.test_stripe_topup.TestTopupCheckout" name="test_checkout_invalid_amount_decimal" time="0.050" /><testcase classname="backend.tests.test_stripe_topup.TestTopupCheckout" name="test_checkout_invalid_amount_high" time="0.048" /><testcase classname="backend.tests.test_stripe_topup.TestTopupStatus" name="test_status_idempotent_two_calls" time="0.442" /><testcase classname="backend.tests.test_stripe_topup.TestTopupStatus" name="test_status_other_user_404" time="0.449" /><testcase classname="backend.tests.test_stripe_topup.TestWebhook" name="test_webhook_route_exists_and_400s_on_bogus_sig" time="0.056" /><testcase classname="backend.tests.test_stripe_topup.TestAdminSettings" name="test_get_settings_admin" time="0.052"><failure message="AssertionError: {&quot;detail&quot;:&quot;Admin access required&quot;}&#10;assert 403 == 200&#10; +  where 403 = &lt;Response [403]&gt;.status_code">backend/tests/test_stripe_topup.py:247: in test_get_settings_admin
    assert r.status_code == 200, r.text
E   AssertionError: {"detail":"Admin access required"}
E   assert 403 == 200
E    +  where 403 = &lt;Response [403]&gt;.status_code</failure></testcase><testcase classname="backend.tests.test_stripe_topup.TestAdminSettings" name="test_get_settings_forbidden_non_admin" time="0.102" /><testcase classname="backend.tests.test_stripe_topup.TestAdminSettings" name="test_put_settings_forbidden_non_admin" time="0.104" /><testcase classname="backend.tests.test_stripe_topup.TestAdminSettings" name="test_admin_topup_stats_forbidden_non_admin" time="0.137" /><testcase classname="backend.tests.test_stripe_topup.TestAdminSettings" name="test_admin_topup_stats_admin" time="0.085"><failure message="AssertionError: {&quot;detail&quot;:&quot;Admin access required&quot;}&#10;assert 403 == 200&#10; +  where 403 = &lt;Response [403]&gt;.status_code">backend/tests/test_stripe_topup.py:269: in test_admin_topup_stats_admin
    assert r.status_code == 200, r.text
E   AssertionError: {"detail":"Admin access required"}
E   assert 403 == 200
E    +  where 403 = &lt;Response [403]&gt;.status_code</failure></testcase><testcase classname="backend.tests.test_stripe_topup.TestAdminSettings" name="test_put_settings_updates_and_propagates" time="0.062"><failure message="AssertionError: {&quot;detail&quot;:&quot;Admin access required&quot;}&#10;assert 403 == 200&#10; +  where 403 = &lt;Response [403]&gt;.status_code">backend/tests/test_stripe_topup.py:284: in test_put_settings_updates_and_propagates
    assert r.status_code == 200, r.text
E   AssertionError: {"detail":"Admin access required"}
E   assert 403 == 200
E    +  where 403 = &lt;Response [403]&gt;.status_code</failure></testcase><testcase classname="backend.tests.test_stripe_topup.TestRegression" name="test_wallet_send_works" time="0.152" /><testcase classname="backend.tests.test_stripe_topup.TestRegression" name="test_voice_rate_quote" time="0.125" /><testcase classname="backend.tests.test_stripe_topup.TestRegression" name="test_admin_calls_and_rates" time="0.251" /></testsuite></testsuites>