<?xml version="1.0" encoding="utf-8"?><testsuites name="pytest tests"><testsuite name="pytest" errors="0" failures="0" skipped="0" tests="25" time="6.417" timestamp="2026-06-07T14:37:28.428517+00:00" hostname="agent-env-876440cf-447e-40c4-b768-d33d464e04fd"><testcase classname="backend.tests.test_admin_calling.TestAdminAuth" name="test_admin_login" time="0.396" /><testcase classname="backend.tests.test_admin_calling.TestAdminAuth" name="test_admin_me" time="0.441" /><testcase classname="backend.tests.test_admin_calling.TestAdminAuth" name="test_non_admin_blocked_on_admin_me" time="0.462" /><testcase classname="backend.tests.test_admin_calling.TestCallRates" name="test_list_seeded_rates" time="0.140" /><testcase classname="backend.tests.test_admin_calling.TestCallRates" name="test_create_update_delete_rate" time="0.760" /><testcase classname="backend.tests.test_admin_calling.TestCallRates" name="test_cannot_delete_default_rate" time="0.227" /><testcase classname="backend.tests.test_admin_calling.TestCallRates" name="test_non_admin_cannot_access_rates" time="0.101" /><testcase classname="backend.tests.test_admin_calling.TestRateQuote" name="test_quote_zw_mobile" time="0.124" /><testcase classname="backend.tests.test_admin_calling.TestRateQuote" name="test_quote_uk" time="0.097" /><testcase classname="backend.tests.test_admin_calling.TestRateQuote" name="test_quote_unknown_prefix_defaults" time="0.110" /><testcase classname="backend.tests.test_admin_calling.TestCallLogBilling" name="test_billing_deducts_wallet" time="0.353" /><testcase classname="backend.tests.test_admin_calling.TestInsufficientBalance" name="test_billing_failed_when_no_balance" time="0.776" /><testcase classname="backend.tests.test_admin_calling.TestAdminStats" name="test_stats_after_calls" time="0.578" /><testcase classname="backend.tests.test_admin_calling.TestAdminStats" name="test_non_admin_blocked" time="0.107" /><testcase classname="backend.tests.test_admin_calling.TestAdminCallsList" name="test_list_calls" time="0.106" /><testcase classname="backend.tests.test_admin_calling.TestAdminCallsList" name="test_non_admin_blocked" time="0.112" /><testcase classname="backend.tests.test_admin_calling.TestAdminCredit" name="test_credit_user" time="0.472" /><testcase classname="backend.tests.test_admin_calling.TestAdminCredit" name="test_non_admin_cannot_credit" time="0.110" /><testcase classname="backend.tests.test_admin_calling.TestAdminUsersGuard" name="test_non_admin_blocked" time="0.103" /><testcase classname="backend.tests.test_admin_calling.TestAdminUsersGuard" name="test_admin_can_list" time="0.111" /><testcase classname="backend.tests.test_admin_calling.TestRegression" name="test_marketplace_list" time="0.105" /><testcase classname="backend.tests.test_admin_calling.TestRegression" name="test_community_posts" time="0.114" /><testcase classname="backend.tests.test_admin_calling.TestRegression" name="test_community_channels" time="0.103" /><testcase classname="backend.tests.test_admin_calling.TestRegression" name="test_wallet_send" time="0.112" /><testcase classname="backend.tests.test_admin_calling.TestRegression" name="test_auth_me" time="0.100" /></testsuite></testsuites>